[0409/123212:ERROR:file_io_win.cc(163)] CreateFile C:\Program Files (x86)\settings.dat: Acesso negado. (0x5)
[0409/123212:ERROR:registration_protocol_win.cc(82)] TransactNamedPipe: O pipe foi finalizado. (0x6D)
[0409/123212:ERROR:file_io_win.cc(163)] CreateFile C:\Program Files (x86)\settings.dat: Acesso negado. (0x5)
[0409/125312:ERROR:file_io_win.cc(163)] CreateFile C:\Program Files (x86)\settings.dat: Acesso negado. (0x5)
[0409/125312:ERROR:registration_protocol_win.cc(82)] TransactNamedPipe: O pipe foi finalizado. (0x6D)
[0409/125312:ERROR:file_io_win.cc(163)] CreateFile C:\Program Files (x86)\settings.dat: Acesso negado. (0x5)
[0410/185656:ERROR:file_io_win.cc(163)] CreateFile C:\Program Files (x86)\settings.dat: Acesso negado. (0x5)
[0410/185656:ERROR:registration_protocol_win.cc(82)] TransactNamedPipe: O pipe foi finalizado. (0x6D)
[0410/185656:ERROR:file_io_win.cc(163)] CreateFile C:\Program Files (x86)\settings.dat: Acesso negado. (0x5)
[0414/210741.236:ERROR:crash_report_database_win.cc(563)] CreateDirectory C:\Program Files (x86)\temp\reports: Acesso negado. (0x5)
[0414/210742.627:ERROR:crash_report_database_win.cc(563)] CreateDirectory C:\Program Files (x86)\temp\reports: Acesso negado. (0x5)
[0414/210742.627:ERROR:registration_protocol_win.cc(83)] TransactNamedPipe: O pipe foi finalizado. (0x6D)
[0414/210742.627:ERROR:crashpad_win.cc(223)] Crashpad handler failed to start, crash reporting disabled
[0414/211028.125:ERROR:crash_report_database_win.cc(563)] CreateDirectory C:\Program Files (x86)\temp\reports: Acesso negado. (0x5)
[0414/211030.037:ERROR:crash_report_database_win.cc(563)] CreateDirectory C:\Program Files (x86)\temp\reports: Acesso negado. (0x5)
[0414/211030.045:ERROR:registration_protocol_win.cc(83)] TransactNamedPipe: O pipe foi finalizado. (0x6D)
[0414/211030.065:ERROR:crashpad_win.cc(223)] Crashpad handler failed to start, crash reporting disabled
[0420/200519.915:ERROR:file_io_win.cc(163)] CreateFile C:\Program Files (x86)\temp\settings.dat: Acesso negado. (0x5)
[0420/200520.794:ERROR:file_io_win.cc(163)] CreateFile C:\Program Files (x86)\temp\settings.dat: Acesso negado. (0x5)
[0420/200520.801:ERROR:registration_protocol_win.cc(83)] TransactNamedPipe: O pipe foi finalizado. (0x6D)
[0420/200520.910:ERROR:crashpad_win.cc(223)] Crashpad handler failed to start, crash reporting disabled
